<?xml version="1.0" encoding="UTF-8"?>
<!-- Generated by org.testng.reporters.JUnitReportReporter -->
<testsuite hostname="Viveks-MacBook-Air.local" failures="0" tests="1" name="SeleniumGoogle.TestNg_Demo" time="3.764" errors="0" timestamp="04 Sep 2019 20:27:13 GMT" skipped="0">
  <testcase classname="SeleniumGoogle.TestNg_Demo" name="googleSearch" time="3.764"/>
</testsuite> <!-- SeleniumGoogle.TestNg_Demo -->
