<?xml version="1.0" encoding="UTF-8"?>
<!-- Generated by org.testng.reporters.JUnitReportReporter -->
<testsuite hostname="Viveks-MacBook-Air.local" failures="0" tests="3" name="Utils.ExcelDataProvider" time="7.979" errors="0" timestamp="30 Aug 2019 22:38:12 GMT" skipped="0">
  <testcase classname="Utils.ExcelDataProvider" name="test1" time="2.365"/>
  <testcase classname="Utils.ExcelDataProvider" name="test1" time="3.255"/>
  <testcase classname="Utils.ExcelDataProvider" name="test1" time="2.359"/>
</testsuite> <!-- Utils.ExcelDataProvider -->
