<?xml version="1.0" encoding="UTF-8"?>
<!-- Generated by org.testng.reporters.JUnitReportReporter -->
<testsuite hostname="Viveks-MacBook-Air.local" failures="0" tests="1" name="Demo.TestNGMultiBrowserDemo" time="5.075" errors="0" timestamp="03 Sep 2019 05:44:00 GMT" skipped="0">
  <testcase classname="Demo.TestNGMultiBrowserDemo" name="test2" time="5.075"/>
</testsuite> <!-- Demo.TestNGMultiBrowserDemo -->
