<?xml version="1.0" encoding="UTF-8"?>
<!-- Generated by org.testng.reporters.JUnitReportReporter -->
<testsuite hostname="Viveks-MacBook-Air.local" failures="0" tests="2" name="Demo.TestNGIgnoreDemo" time="0.014" errors="0" timestamp="05 Sep 2019 08:26:43 GMT" skipped="1">
  <testcase classname="Demo.TestNGIgnoreDemo" name="test1" time="0.014"/>
  <testcase classname="Demo.TestNGIgnoreDemo" name="test2">
    <skipped/>
  </testcase> <!-- test2 -->
</testsuite> <!-- Demo.TestNGIgnoreDemo -->
