<?xml version="1.0" encoding="UTF-8"?>
<!-- Generated by org.testng.reporters.JUnitReportReporter -->
<testsuite hostname="Viveks-MacBook-Air.local" failures="0" tests="2" name="SeleniumGoogle.ExtentReportsDemoWithTestNg" time="2.819" errors="0" timestamp="22 Aug 2019 09:24:16 GMT" skipped="0">
  <testcase classname="SeleniumGoogle.ExtentReportsDemoWithTestNg" name="test2" time="0.005"/>
  <testcase classname="SeleniumGoogle.ExtentReportsDemoWithTestNg" name="test1" time="2.814"/>
</testsuite> <!-- SeleniumGoogle.ExtentReportsDemoWithTestNg -->
