<?xml version="1.0" encoding="UTF-8"?>
<!-- Generated by org.testng.reporters.JUnitReportReporter -->
<testsuite hostname="Viveks-MacBook-Air.local" failures="0" tests="1" name="SeleniumGoogle.TestNg_Demo3_config" time="1.728" errors="0" timestamp="26 Aug 2019 00:04:43 GMT" skipped="0">
  <testcase classname="SeleniumGoogle.TestNg_Demo3_config" name="googleSearch" time="1.728"/>
</testsuite> <!-- SeleniumGoogle.TestNg_Demo3_config -->
