<?xml version="1.0" encoding="UTF-8"?>
<!-- Generated by org.testng.reporters.JUnitReportReporter -->
<testsuite hostname="Viveks-MacBook-Air.local" failures="0" tests="2" name="Demo.TestNGMultiBrowser" time="12.521" errors="0" timestamp="04 Sep 2019 20:06:07 GMT" skipped="0">
  <testcase classname="Demo.TestNGMultiBrowser" name="test2" time="6.584"/>
  <testcase classname="Demo.TestNGMultiBrowser" name="test2" time="5.937"/>
</testsuite> <!-- Demo.TestNGMultiBrowser -->
