<?xml version="1.0" encoding="UTF-8"?>
<!-- Generated by org.testng.reporters.JUnitReportReporter -->
<testsuite hostname="Viveks-MacBook-Air.local" failures="0" tests="3" name="Demo.TestNGDependencyDemo3GroupDependency" time="0.027" errors="0" timestamp="05 Sep 2019 08:17:59 GMT" skipped="0">
  <testcase classname="Demo.TestNGDependencyDemo3GroupDependency" name="test1" time="0.004"/>
  <testcase classname="Demo.TestNGDependencyDemo3GroupDependency" name="test2" time="0.011"/>
  <testcase classname="Demo.TestNGDependencyDemo3GroupDependency" name="test3" time="0.012"/>
</testsuite> <!-- Demo.TestNGDependencyDemo3GroupDependency -->
