<?xml version="1.0" encoding="UTF-8"?>
<!-- Generated by org.testng.reporters.JUnitReportReporter -->
<testsuite hostname="Viveks-MacBook-Air.local" failures="0" tests="3" name="Demo.TestNGPriorityDemo" time="0.017" errors="0" timestamp="05 Sep 2019 08:33:05 GMT" skipped="0">
  <testcase classname="Demo.TestNGPriorityDemo" name="three" time="0.009"/>
  <testcase classname="Demo.TestNGPriorityDemo" name="one" time="0.005"/>
  <testcase classname="Demo.TestNGPriorityDemo" name="two" time="0.003"/>
</testsuite> <!-- Demo.TestNGPriorityDemo -->
