<?xml version="1.0" encoding="UTF-8"?>
<!-- Generated by org.testng.reporters.JUnitReportReporter -->
<testsuite hostname="Viveks-MacBook-Air.local" failures="0" tests="1" name="Demo.TestNGParameterDemo" time="0.022" errors="0" timestamp="05 Sep 2019 22:25:24 GMT" skipped="0">
  <testcase classname="Demo.TestNGParameterDemo" name="test" time="0.022"/>
</testsuite> <!-- Demo.TestNGParameterDemo -->
