<?xml version="1.0" encoding="UTF-8"?>
<!-- Generated by org.testng.reporters.JUnitReportReporter -->
<testsuite hostname="Viveks-MacBook-Air.local" failures="0" tests="3" name="Demo.TestNGDependencyDemo4RegularExpression" time="0.017" errors="0" timestamp="05 Sep 2019 08:17:52 GMT" skipped="0">
  <testcase classname="Demo.TestNGDependencyDemo4RegularExpression" name="test3" time="0.006"/>
  <testcase classname="Demo.TestNGDependencyDemo4RegularExpression" name="test1" time="0.002"/>
  <testcase classname="Demo.TestNGDependencyDemo4RegularExpression" name="test2" time="0.009"/>
</testsuite> <!-- Demo.TestNGDependencyDemo4RegularExpression -->
