<?xml version="1.0" encoding="UTF-8"?>
<!-- Generated by org.testng.reporters.JUnitReportReporter -->
<testsuite hostname="Viveks-MacBook-Air.local" failures="0" tests="3" name="Demo.TestNGDependencyDemo2" time="0.014" errors="0" timestamp="05 Sep 2019 08:14:08 GMT" skipped="0">
  <testcase classname="Demo.TestNGDependencyDemo2" name="test1" time="0.003"/>
  <testcase classname="Demo.TestNGDependencyDemo2" name="test3" time="0.001"/>
  <testcase classname="Demo.TestNGDependencyDemo2" name="test2" time="0.010"/>
</testsuite> <!-- Demo.TestNGDependencyDemo2 -->
