<?xml version="1.0" encoding="UTF-8"?>
<!-- Generated by org.testng.reporters.JUnitReportReporter -->
<testsuite hostname="Viveks-MacBook-Air.local" failures="0" tests="2" name="Demo.TestNGDependencyDemo" time="0.025" errors="0" timestamp="05 Sep 2019 08:14:27 GMT" skipped="0">
  <testcase classname="Demo.TestNGDependencyDemo" name="test2" time="0.003"/>
  <testcase classname="Demo.TestNGDependencyDemo" name="test1" time="0.022"/>
</testsuite> <!-- Demo.TestNGDependencyDemo -->
