<?xml version="1.0" encoding="UTF-8"?>
<!-- Generated by org.testng.reporters.JUnitReportReporter -->
<testsuite hostname="Viveks-MacBook-Air.local" failures="0" tests="2" name="SeleniumGoogle.TestNg_Demo2" time="4.568" errors="0" timestamp="02 Sep 2019 06:33:05 GMT" skipped="0">
  <testcase classname="SeleniumGoogle.TestNg_Demo2" name="googleSearch3" time="1.781"/>
  <testcase classname="SeleniumGoogle.TestNg_Demo2" name="googleSearch2" time="2.787"/>
</testsuite> <!-- SeleniumGoogle.TestNg_Demo2 -->
