<?xml version="1.0" encoding="UTF-8"?>
<!-- Generated by org.testng.reporters.JUnitReportReporter -->
<testsuite hostname="Viveks-MacBook-Air.local" failures="0" tests="1" name="Demo.TestNGGroupsDemo" time="0.038" errors="0" timestamp="05 Sep 2019 08:00:58 GMT" skipped="0">
  <testcase classname="Demo.TestNGGroupsDemo" name="test1" time="0.038"/>
</testsuite> <!-- Demo.TestNGGroupsDemo -->
