<?xml version="1.0" encoding="UTF-8"?>
<!-- Generated by org.testng.reporters.JUnitReportReporter -->
<testsuite hostname="Viveks-MacBook-Air.local" failures="0" tests="1" name="Demo.Test1" time="3.266" errors="0" timestamp="06 Sep 2019 07:45:48 GMT" skipped="0">
  <testcase classname="Demo.Test1" name="test1" time="3.266"/>
</testsuite> <!-- Demo.Test1 -->
